<?xml version="1.0" encoding="UTF-8"?>
<!-- Generated by org.testng.reporters.JUnitReportReporter -->
<testsuite hostname="DESKTOP-FID91T4" failures="0" tests="1" name="com.phase3.restassured.assessment001.DeleteRequest" time="1.461" errors="0" timestamp="2024-01-23T20:05:50 IST" skipped="0">
  <testcase classname="com.phase3.restassured.assessment001.DeleteRequest" name="deleteRequestTest" time="1.461"/>
</testsuite> <!-- com.phase3.restassured.assessment001.DeleteRequest -->
