<?xml version="1.0" encoding="UTF-8"?>
<!-- Generated by org.testng.reporters.JUnitReportReporter -->
<testsuite hostname="DESKTOP-FID91T4" failures="0" tests="3" name="com.phase3.restassured.assessment005.GetRequestUsingQueryparam" time="4.450" errors="0" timestamp="2024-01-23T20:05:50 IST" skipped="0">
  <testcase classname="com.phase3.restassured.assessment005.GetRequestUsingQueryparam" name="getRequestByStatusTest" time="1.638"/>
  <testcase classname="com.phase3.restassured.assessment005.GetRequestUsingQueryparam" name="getRequestByPendingTest" time="1.393"/>
  <testcase classname="com.phase3.restassured.assessment005.GetRequestUsingQueryparam" name="getRequestBySoldTest" time="1.419"/>
</testsuite> <!-- com.phase3.restassured.assessment005.GetRequestUsingQueryparam -->
