<?xml version="1.0" encoding="UTF-8"?>
<!-- Generated by org.testng.reporters.JUnitReportReporter -->
<testsuite hostname="DESKTOP-FID91T4" failures="0" tests="1" name="com.phase3.restassured.assessment004.UserLoginTest" time="1.414" errors="0" timestamp="2024-01-23T20:05:50 IST" skipped="0">
  <testcase classname="com.phase3.restassured.assessment004.UserLoginTest" name="getLoginRequestTest" time="1.414"/>
</testsuite> <!-- com.phase3.restassured.assessment004.UserLoginTest -->
